

Microchip MPLAB XC8 Assembler V2.31 build 20201012212115 
                                                                                               Wed Jul 28 21:37:58 2021

Microchip MPLAB XC8 C Compiler v2.31 (Free license) build 20201012212115 Og1 
     1                           	processor	16F887
     2                           	pagewidth 120
     3                           	opt	flic
     4                           	psect	cinit,global,class=CODE,merge=1,delta=2
     5                           	psect	cstackCOMMON,global,class=COMMON,space=1,delta=1,noexec
     6                           	psect	maintext,global,class=CODE,split=1,delta=2
     7                           	psect	config,global,abs,ovrld,class=CONFIG,space=4,delta=2,noexec
     8                           	dabs	1,0x7E,2
     9  0000                     
    10                           ; Version 2.20
    11                           ; Generated 12/02/2020 GMT
    12                           ; 
    13                           ; Copyright © 2020, Microchip Technology Inc. and its subsidiaries ("Microchip")
    14                           ; All rights reserved.
    15                           ; 
    16                           ; This software is developed by Microchip Technology Inc. and its subsidiaries ("Microch
      +                          ip").
    17                           ; 
    18                           ; Redistribution and use in source and binary forms, with or without modification, are
    19                           ; permitted provided that the following conditions are met:
    20                           ; 
    21                           ;     1. Redistributions of source code must retain the above copyright notice, this lis
      +                          t of
    22                           ;        conditions and the following disclaimer.
    23                           ; 
    24                           ;     2. Redistributions in binary form must reproduce the above copyright notice, this 
      +                          list
    25                           ;        of conditions and the following disclaimer in the documentation and/or other
    26                           ;        materials provided with the distribution.
    27                           ; 
    28                           ;     3. Microchip's name may not be used to endorse or promote products derived from th
      +                          is
    29                           ;        software without specific prior written permission.
    30                           ; 
    31                           ; THIS SOFTWARE IS PROVIDED BY MICROCHIP "AS IS" AND ANY EXPRESS OR IMPLIED WARRANTIES,
    32                           ; INCLUDING, BUT NOT LIMITED TO, THE IMPLIED WARRANTIES OF MERCHANTABILITY AND FITNESS F
      +                          OR
    33                           ; PURPOSE ARE DISCLAIMED.  IN NO EVENT SHALL MICROCHIP BE LIABLE FOR ANY DIRECT, INDIREC
      +                          T,
    34                           ; INCIDENTAL, SPECIAL, EXEMPLARY, OR CONSEQUENTIAL DAMAGES (INCLUDING BUT NOT LIMITED TO
    35                           ; PROCUREMENT OF SUBSTITUTE GOODS OR SERVICES; LOSS OF USE, DATA OR PROFITS; OR BUSINESS
    36                           ; INTERRUPTION) HOWSOEVER CAUSED AND ON ANY THEORY OF LIABILITY, WHETHER IN CONTRACT, ST
      +                          RICT
    37                           ; LIABILITY, OR TORT (INCLUDING NEGLIGENCE OR OTHERWISE) ARISING IN ANY WAY OUT OF THE U
      +                          SE OF
    38                           ; THIS SOFTWARE, EVEN IF ADVISED OF THE POSSIBILITY OF SUCH DAMAGE.
    39                           ; 
    40                           ; 
    41                           ; Code-generator required, PIC16F887 Definitions
    42                           ; 
    43                           ; SFR Addresses
    44  0000                     	;# 
    45  0001                     	;# 
    46  0002                     	;# 
    47  0003                     	;# 
    48  0004                     	;# 
    49  0005                     	;# 
    50  0006                     	;# 
    51  0007                     	;# 
    52  0008                     	;# 
    53  0009                     	;# 
    54  000A                     	;# 
    55  000B                     	;# 
    56  000C                     	;# 
    57  000D                     	;# 
    58  000E                     	;# 
    59  000E                     	;# 
    60  000F                     	;# 
    61  0010                     	;# 
    62  0011                     	;# 
    63  0012                     	;# 
    64  0013                     	;# 
    65  0014                     	;# 
    66  0015                     	;# 
    67  0015                     	;# 
    68  0016                     	;# 
    69  0017                     	;# 
    70  0018                     	;# 
    71  0019                     	;# 
    72  001A                     	;# 
    73  001B                     	;# 
    74  001B                     	;# 
    75  001C                     	;# 
    76  001D                     	;# 
    77  001E                     	;# 
    78  001F                     	;# 
    79  0081                     	;# 
    80  0085                     	;# 
    81  0086                     	;# 
    82  0087                     	;# 
    83  0088                     	;# 
    84  0089                     	;# 
    85  008C                     	;# 
    86  008D                     	;# 
    87  008E                     	;# 
    88  008F                     	;# 
    89  0090                     	;# 
    90  0091                     	;# 
    91  0092                     	;# 
    92  0093                     	;# 
    93  0093                     	;# 
    94  0093                     	;# 
    95  0094                     	;# 
    96  0095                     	;# 
    97  0096                     	;# 
    98  0097                     	;# 
    99  0098                     	;# 
   100  0099                     	;# 
   101  009A                     	;# 
   102  009B                     	;# 
   103  009C                     	;# 
   104  009D                     	;# 
   105  009E                     	;# 
   106  009F                     	;# 
   107  0105                     	;# 
   108  0107                     	;# 
   109  0108                     	;# 
   110  0109                     	;# 
   111  010C                     	;# 
   112  010C                     	;# 
   113  010D                     	;# 
   114  010E                     	;# 
   115  010F                     	;# 
   116  0185                     	;# 
   117  0187                     	;# 
   118  0188                     	;# 
   119  0189                     	;# 
   120  018C                     	;# 
   121  018D                     	;# 
   122  0000                     	;# 
   123  0001                     	;# 
   124  0002                     	;# 
   125  0003                     	;# 
   126  0004                     	;# 
   127  0005                     	;# 
   128  0006                     	;# 
   129  0007                     	;# 
   130  0008                     	;# 
   131  0009                     	;# 
   132  000A                     	;# 
   133  000B                     	;# 
   134  000C                     	;# 
   135  000D                     	;# 
   136  000E                     	;# 
   137  000E                     	;# 
   138  000F                     	;# 
   139  0010                     	;# 
   140  0011                     	;# 
   141  0012                     	;# 
   142  0013                     	;# 
   143  0014                     	;# 
   144  0015                     	;# 
   145  0015                     	;# 
   146  0016                     	;# 
   147  0017                     	;# 
   148  0018                     	;# 
   149  0019                     	;# 
   150  001A                     	;# 
   151  001B                     	;# 
   152  001B                     	;# 
   153  001C                     	;# 
   154  001D                     	;# 
   155  001E                     	;# 
   156  001F                     	;# 
   157  0081                     	;# 
   158  0085                     	;# 
   159  0086                     	;# 
   160  0087                     	;# 
   161  0088                     	;# 
   162  0089                     	;# 
   163  008C                     	;# 
   164  008D                     	;# 
   165  008E                     	;# 
   166  008F                     	;# 
   167  0090                     	;# 
   168  0091                     	;# 
   169  0092                     	;# 
   170  0093                     	;# 
   171  0093                     	;# 
   172  0093                     	;# 
   173  0094                     	;# 
   174  0095                     	;# 
   175  0096                     	;# 
   176  0097                     	;# 
   177  0098                     	;# 
   178  0099                     	;# 
   179  009A                     	;# 
   180  009B                     	;# 
   181  009C                     	;# 
   182  009D                     	;# 
   183  009E                     	;# 
   184  009F                     	;# 
   185  0105                     	;# 
   186  0107                     	;# 
   187  0108                     	;# 
   188  0109                     	;# 
   189  010C                     	;# 
   190  010C                     	;# 
   191  010D                     	;# 
   192  010E                     	;# 
   193  010F                     	;# 
   194  0185                     	;# 
   195  0187                     	;# 
   196  0188                     	;# 
   197  0189                     	;# 
   198  018C                     	;# 
   199  018D                     	;# 
   200  0000                     	;# 
   201  0001                     	;# 
   202  0002                     	;# 
   203  0003                     	;# 
   204  0004                     	;# 
   205  0005                     	;# 
   206  0006                     	;# 
   207  0007                     	;# 
   208  0008                     	;# 
   209  0009                     	;# 
   210  000A                     	;# 
   211  000B                     	;# 
   212  000C                     	;# 
   213  000D                     	;# 
   214  000E                     	;# 
   215  000E                     	;# 
   216  000F                     	;# 
   217  0010                     	;# 
   218  0011                     	;# 
   219  0012                     	;# 
   220  0013                     	;# 
   221  0014                     	;# 
   222  0015                     	;# 
   223  0015                     	;# 
   224  0016                     	;# 
   225  0017                     	;# 
   226  0018                     	;# 
   227  0019                     	;# 
   228  001A                     	;# 
   229  001B                     	;# 
   230  001B                     	;# 
   231  001C                     	;# 
   232  001D                     	;# 
   233  001E                     	;# 
   234  001F                     	;# 
   235  0081                     	;# 
   236  0085                     	;# 
   237  0086                     	;# 
   238  0087                     	;# 
   239  0088                     	;# 
   240  0089                     	;# 
   241  008C                     	;# 
   242  008D                     	;# 
   243  008E                     	;# 
   244  008F                     	;# 
   245  0090                     	;# 
   246  0091                     	;# 
   247  0092                     	;# 
   248  0093                     	;# 
   249  0093                     	;# 
   250  0093                     	;# 
   251  0094                     	;# 
   252  0095                     	;# 
   253  0096                     	;# 
   254  0097                     	;# 
   255  0098                     	;# 
   256  0099                     	;# 
   257  009A                     	;# 
   258  009B                     	;# 
   259  009C                     	;# 
   260  009D                     	;# 
   261  009E                     	;# 
   262  009F                     	;# 
   263  0105                     	;# 
   264  0107                     	;# 
   265  0108                     	;# 
   266  0109                     	;# 
   267  010C                     	;# 
   268  010C                     	;# 
   269  010D                     	;# 
   270  010E                     	;# 
   271  010F                     	;# 
   272  0185                     	;# 
   273  0187                     	;# 
   274  0188                     	;# 
   275  0189                     	;# 
   276  018C                     	;# 
   277  018D                     	;# 
   278  0000                     	;# 
   279  0001                     	;# 
   280  0002                     	;# 
   281  0003                     	;# 
   282  0004                     	;# 
   283  0005                     	;# 
   284  0006                     	;# 
   285  0007                     	;# 
   286  0008                     	;# 
   287  0009                     	;# 
   288  000A                     	;# 
   289  000B                     	;# 
   290  000C                     	;# 
   291  000D                     	;# 
   292  000E                     	;# 
   293  000E                     	;# 
   294  000F                     	;# 
   295  0010                     	;# 
   296  0011                     	;# 
   297  0012                     	;# 
   298  0013                     	;# 
   299  0014                     	;# 
   300  0015                     	;# 
   301  0015                     	;# 
   302  0016                     	;# 
   303  0017                     	;# 
   304  0018                     	;# 
   305  0019                     	;# 
   306  001A                     	;# 
   307  001B                     	;# 
   308  001B                     	;# 
   309  001C                     	;# 
   310  001D                     	;# 
   311  001E                     	;# 
   312  001F                     	;# 
   313  0081                     	;# 
   314  0085                     	;# 
   315  0086                     	;# 
   316  0087                     	;# 
   317  0088                     	;# 
   318  0089                     	;# 
   319  008C                     	;# 
   320  008D                     	;# 
   321  008E                     	;# 
   322  008F                     	;# 
   323  0090                     	;# 
   324  0091                     	;# 
   325  0092                     	;# 
   326  0093                     	;# 
   327  0093                     	;# 
   328  0093                     	;# 
   329  0094                     	;# 
   330  0095                     	;# 
   331  0096                     	;# 
   332  0097                     	;# 
   333  0098                     	;# 
   334  0099                     	;# 
   335  009A                     	;# 
   336  009B                     	;# 
   337  009C                     	;# 
   338  009D                     	;# 
   339  009E                     	;# 
   340  009F                     	;# 
   341  0105                     	;# 
   342  0107                     	;# 
   343  0108                     	;# 
   344  0109                     	;# 
   345  010C                     	;# 
   346  010C                     	;# 
   347  010D                     	;# 
   348  010E                     	;# 
   349  010F                     	;# 
   350  0185                     	;# 
   351  0187                     	;# 
   352  0188                     	;# 
   353  0189                     	;# 
   354  018C                     	;# 
   355  018D                     	;# 
   356  0000                     	;# 
   357  0001                     	;# 
   358  0002                     	;# 
   359  0003                     	;# 
   360  0004                     	;# 
   361  0005                     	;# 
   362  0006                     	;# 
   363  0007                     	;# 
   364  0008                     	;# 
   365  0009                     	;# 
   366  000A                     	;# 
   367  000B                     	;# 
   368  000C                     	;# 
   369  000D                     	;# 
   370  000E                     	;# 
   371  000E                     	;# 
   372  000F                     	;# 
   373  0010                     	;# 
   374  0011                     	;# 
   375  0012                     	;# 
   376  0013                     	;# 
   377  0014                     	;# 
   378  0015                     	;# 
   379  0015                     	;# 
   380  0016                     	;# 
   381  0017                     	;# 
   382  0018                     	;# 
   383  0019                     	;# 
   384  001A                     	;# 
   385  001B                     	;# 
   386  001B                     	;# 
   387  001C                     	;# 
   388  001D                     	;# 
   389  001E                     	;# 
   390  001F                     	;# 
   391  0081                     	;# 
   392  0085                     	;# 
   393  0086                     	;# 
   394  0087                     	;# 
   395  0088                     	;# 
   396  0089                     	;# 
   397  008C                     	;# 
   398  008D                     	;# 
   399  008E                     	;# 
   400  008F                     	;# 
   401  0090                     	;# 
   402  0091                     	;# 
   403  0092                     	;# 
   404  0093                     	;# 
   405  0093                     	;# 
   406  0093                     	;# 
   407  0094                     	;# 
   408  0095                     	;# 
   409  0096                     	;# 
   410  0097                     	;# 
   411  0098                     	;# 
   412  0099                     	;# 
   413  009A                     	;# 
   414  009B                     	;# 
   415  009C                     	;# 
   416  009D                     	;# 
   417  009E                     	;# 
   418  009F                     	;# 
   419  0105                     	;# 
   420  0107                     	;# 
   421  0108                     	;# 
   422  0109                     	;# 
   423  010C                     	;# 
   424  010C                     	;# 
   425  010D                     	;# 
   426  010E                     	;# 
   427  010F                     	;# 
   428  0185                     	;# 
   429  0187                     	;# 
   430  0188                     	;# 
   431  0189                     	;# 
   432  018C                     	;# 
   433  018D                     	;# 
   434  0018                     _RCSTAbits	set	24
   435  001F                     _ADCON0bits	set	31
   436  0006                     _PORTB	set	6
   437  0047                     _RD7	set	71
   438  0046                     _RD6	set	70
   439  0045                     _RD5	set	69
   440  009A                     _SPBRGH	set	154
   441  0099                     _SPBRG	set	153
   442  0098                     _TXSTAbits	set	152
   443  009F                     _ADCON1bits	set	159
   444  0088                     _TRISDbits	set	136
   445  0086                     _TRISB	set	134
   446  0187                     _BAUDCTLbits	set	391
   447  0188                     _ANSELbits	set	392
   448  0189                     _ANSELH	set	393
   449  0188                     _ANSEL	set	392
   450                           
   451                           	psect	cinit
   452  07FC                     start_initialization:	
   453                           ; #config settings
   454                           
   455  07FC                     __initialization:
   456  07FC                     end_of_initialization:	
   457                           ;End of C runtime variable initialization code
   458                           
   459  07FC                     __end_of__initialization:
   460  07FC  0183               	clrf	3
   461  07FD  120A  118A  2FF8   	ljmp	_main	;jump to C main() function
   462                           
   463                           	psect	cstackCOMMON
   464  0000                     __pcstackCOMMON:
   465  0000                     ?_main:
   466  0000                     ??_main:	
   467                           ; 1 bytes @ 0x0
   468                           
   469                           
   470                           	psect	maintext
   471  07F8                     __pmaintext:	
   472                           ; 1 bytes @ 0x0
   473 ;;
   474 ;;Main: autosize = 0, tempsize = 0, incstack = 0, save=0
   475 ;;
   476 ;; *************** function _main *****************
   477 ;; Defined at:
   478 ;;		line 59 in file "main_.c"
   479 ;; Parameters:    Size  Location     Type
   480 ;;		None
   481 ;; Auto vars:     Size  Location     Type
   482 ;;		None
   483 ;; Return value:  Size  Location     Type
   484 ;;                  1    wreg      void 
   485 ;; Registers used:
   486 ;;		None
   487 ;; Tracked objects:
   488 ;;		On entry : B00/0
   489 ;;		On exit  : 0/0
   490 ;;		Unchanged: 0/0
   491 ;; Data sizes:     COMMON   BANK0   BANK1   BANK3   BANK2
   492 ;;      Params:         0       0       0       0       0
   493 ;;      Locals:         0       0       0       0       0
   494 ;;      Temps:          0       0       0       0       0
   495 ;;      Totals:         0       0       0       0       0
   496 ;;Total ram usage:        0 bytes
   497 ;; This function calls:
   498 ;;		Nothing
   499 ;; This function is called by:
   500 ;;		Startup code after reset
   501 ;; This function uses a non-reentrant model
   502 ;;
   503                           
   504                           
   505                           ;psect for function _main
   506  07F8                     _main:
   507  07F8                     l15:	
   508                           ;incstack = 0
   509                           ; Regs used in _main: []
   510                           ;main_.c: 61:     while(1)
   511                           
   512  07F8                     l16:	
   513                           ;main_.c: 62:     {;main_.c: 64:     }
   514                           
   515  07F8  2FF8               	goto	l15
   516  07F9  120A  118A  2800   	ljmp	start
   517  07FC                     __end_of_main:
   518  007E                     btemp	set	126	;btemp
   519  007E                     wtemp0	set	126
   520                           
   521                           	psect	config
   522                           
   523                           ;Config register CONFIG1 @ 0x2007
   524                           ;	Oscillator Selection bits
   525                           ;	FOSC = INTRC_NOCLKOUT, INTOSCIO oscillator: I/O function on RA6/OSC2/CLKOUT pin, I/O f
      +                          unction on RA7/OSC1/CLKIN
   526                           ;	Watchdog Timer Enable bit
   527                           ;	WDTE = OFF, WDT disabled and can be enabled by SWDTEN bit of the WDTCON register
   528                           ;	Power-up Timer Enable bit
   529                           ;	PWRTE = OFF, PWRT disabled
   530                           ;	RE3/MCLR pin function select bit
   531                           ;	MCLRE = OFF, RE3/MCLR pin function is digital input, MCLR internally tied to VDD
   532                           ;	Code Protection bit
   533                           ;	CP = OFF, Program memory code protection is disabled
   534                           ;	Data Code Protection bit
   535                           ;	CPD = OFF, Data memory code protection is disabled
   536                           ;	Brown Out Reset Selection bits
   537                           ;	BOREN = OFF, BOR disabled
   538                           ;	Internal External Switchover bit
   539                           ;	IESO = OFF, Internal/External Switchover mode is disabled
   540                           ;	Fail-Safe Clock Monitor Enabled bit
   541                           ;	FCMEN = OFF, Fail-Safe Clock Monitor is disabled
   542                           ;	Low Voltage Programming Enable bit
   543                           ;	LVP = OFF, RB3 pin has digital I/O, HV on MCLR must be used for programming
   544                           ;	In-Circuit Debugger Mode bit
   545                           ;	DEBUG = 0x1, unprogrammed default
   546  2007                     	org	8199
   547  2007  20D4               	dw	8404
   548                           
   549                           ;Config register CONFIG2 @ 0x2008
   550                           ;	Brown-out Reset Selection bit
   551                           ;	BOR4V = BOR40V, Brown-out Reset set to 4.0V
   552                           ;	Flash Program Memory Self Write Enable bits
   553                           ;	WRT = OFF, Write protection off
   554  2008                     	org	8200
   555  2008  3FFF               	dw	16383

Data Sizes:
    Strings     0
    Constant    0
    Data        0
    BSS         0
    Persistent  0
    Stack       0

Auto Spaces:
    Space          Size  Autos    Used
    COMMON           14      0       0
    BANK0            80      0       0
    BANK1            80      0       0
    BANK3            96      0       0
    BANK2            96      0       0

Pointer List with Targets:

    None.

Critical Paths under _main in COMMON

    None.

Critical Paths under _main in BANK0

    None.

Critical Paths under _main in BANK1

    None.

Critical Paths under _main in BANK3

    None.

Critical Paths under _main in BANK2

    None.

Call Graph Tables:

 ---------------------------------------------------------------------------------
 (Depth) Function   	        Calls       Base Space   Used Autos Params    Refs
 ---------------------------------------------------------------------------------
 (0) _main                                                 0     0      0       0
 ---------------------------------------------------------------------------------
 Estimated maximum stack depth 0
 ---------------------------------------------------------------------------------

 Call Graph Graphs:

 _main (ROOT)

 Address spaces:
Name               Size   Autos  Total    Cost      Usage
BITCOMMON            E      0       0       0        0.0%
EEDATA             100      0       0       0        0.0%
NULL                 0      0       0       0        0.0%
CODE                 0      0       0       0        0.0%
COMMON               E      0       0       1        0.0%
BITSFR0              0      0       0       1        0.0%
SFR0                 0      0       0       1        0.0%
BITSFR1              0      0       0       2        0.0%
SFR1                 0      0       0       2        0.0%
STACK                0      0       0       2        0.0%
ABS                  0      0       0       3        0.0%
BITBANK0            50      0       0       4        0.0%
BITSFR3              0      0       0       4        0.0%
SFR3                 0      0       0       4        0.0%
BANK0               50      0       0       5        0.0%
BITSFR2              0      0       0       5        0.0%
SFR2                 0      0       0       5        0.0%
BITBANK1            50      0       0       6        0.0%
BANK1               50      0       0       7        0.0%
BITBANK3            60      0       0       8        0.0%
BANK3               60      0       0       9        0.0%
BITBANK2            60      0       0      10        0.0%
BANK2               60      0       0      11        0.0%
DATA                 0      0       0      12        0.0%


Microchip Technology PIC Macro Assembler V2.31 build 20201012212115 
Symbol Table                                                                                   Wed Jul 28 21:37:58 2021

                     l15 07F8                       l16 07F8                      _RD5 0045  
                    _RD6 0046                      _RD7 0047                     _main 07F8  
                   btemp 007E                     start 0000                    ?_main 0000  
                  _ANSEL 0188                    _SPBRG 0099                    _PORTB 0006  
                  _TRISB 0086                    status 0003                    wtemp0 007E  
        __initialization 07FC             __end_of_main 07FC                   ??_main 0000  
                 _ANSELH 0189                   _SPBRGH 009A  __end_of__initialization 07FC  
         __pcstackCOMMON 0000               __pmaintext 07F8                _ANSELbits 0188  
   end_of_initialization 07FC                _RCSTAbits 0018                _TRISDbits 0088  
              _TXSTAbits 0098              _BAUDCTLbits 0187      start_initialization 07FC  
              ___latbits 0002               _ADCON0bits 001F               _ADCON1bits 009F  
          __size_of_main 0004  
